<?xml version="1.0" encoding="UTF-8"?>
<!-- Generated by org.testng.reporters.JUnitReportReporter -->
<testsuite hostname="MacBook-Pro-de-Irving.local" failures="0" tests="1" name="Test.DrataTest" time="10.431" errors="0" timestamp="2022-02-07T10:02:06 CST" skipped="0">
  <testcase classname="Test.DrataTest" name="PON_TC_2" time="10.431"/>
  <system-out/>
</testsuite> <!-- Test.DrataTest -->
