<?xml version="1.0" encoding="UTF-8"?>
<!-- Generated by org.testng.reporters.JUnitReportReporter -->
<testsuite hostname="MacBook-Pro-de-Irving.local" failures="0" tests="1" name="Test.ChromeTest" time="5.218" errors="0" timestamp="2022-01-27T13:18:58 CST" skipped="0">
  <testcase classname="Test.ChromeTest" name="SCRUM123_TC_70" time="5.218"/>
  <system-out/>
</testsuite> <!-- Test.ChromeTest -->
